<?xml version="1.0" encoding="UTF-8"?>
<!-- Generated by org.testng.reporters.JUnitXMLReporter -->
<testsuite ignored="2" hostname="IBM-PF32P2P0" failures="0" tests="2" name="Test2" time="149.099" errors="0" timestamp="2025-03-20T08:53:37 IST">
  <testcase classname="testCaseRepo.TC_002" name="LE_002" time="68.643"/>
  <testcase classname="testCaseRepo.TC_003" name="LE_003" time="16.454"/>
  <testcase classname="genericUtility.BaseClass" name="@AfterSuite closeDBConnection" time="0.0">
    <ignored/>
  </testcase> <!-- @AfterSuite closeDBConnection -->
  <testcase classname="genericUtility.BaseClass" name="@BeforeSuite dbConnection" time="0.0">
    <ignored/>
  </testcase> <!-- @BeforeSuite dbConnection -->
</testsuite> <!-- Test2 -->
