<?xml version="1.0" encoding="UTF-8"?>
<!-- Generated by org.testng.reporters.JUnitXMLReporter -->
<testsuite ignored="2" hostname="IBM-PF32P2P0" failures="0" tests="2" name="Test" time="86.353" errors="0" timestamp="2025-03-22T10:37:59 IST">
  <testcase classname="testCaseRepo.TC_003" name="LE_003" time="35.051"/>
  <testcase classname="testCaseRepo.TC_002" name="LE_002" time="49.674"/>
  <testcase classname="genericUtility.BaseClass" name="@BeforeSuite dbConnection" time="0.0">
    <ignored/>
  </testcase> <!-- @BeforeSuite dbConnection -->
  <testcase classname="genericUtility.BaseClass" name="@AfterSuite closeDBConnection" time="0.0">
    <ignored/>
  </testcase> <!-- @AfterSuite closeDBConnection -->
</testsuite> <!-- Test -->
