<?xml version="1.0" encoding="UTF-8"?>
<!-- Generated by org.testng.reporters.JUnitXMLReporter -->
<testsuite ignored="2" hostname="IBM-PF32P2P0" failures="0" tests="2" name="Test" time="104.731" errors="0" timestamp="2025-03-26T10:08:51 IST">
  <testcase classname="testCaseRepo.TC_003" name="LE_003" time="69.762"/>
  <testcase classname="testCaseRepo.TC_002" name="LE_002" time="73.468"/>
  <testcase classname="genericUtility.BaseClass" name="@AfterSuite closeDBConnection" time="0.0">
    <ignored/>
  </testcase> <!-- @AfterSuite closeDBConnection -->
  <testcase classname="genericUtility.BaseClass" name="@BeforeSuite dbConnection" time="0.0">
    <ignored/>
  </testcase> <!-- @BeforeSuite dbConnection -->
</testsuite> <!-- Test -->
