<?xml version="1.0" encoding="UTF-8"?>
<testng-results ignored="0" total="1" passed="1" failed="0" skipped="0">
  <reporter-output>
  </reporter-output>
  <suite started-at="2025-03-26T10:21:09 IST" name="Surefire suite" finished-at="2025-03-26T10:21:43 IST" duration-ms="33909">
    <groups>
      <group name="Sanity">
        <method signature="TC_004.Con_001()[pri:0, instance:testCaseRepo.TC_004@60d8c9b7]" name="Con_001" class="testCaseRepo.TC_004"/>
      </group> <!-- Sanity -->
      <group name="Smoke">
        <method signature="TC_004.Con_001()[pri:0, instance:testCaseRepo.TC_004@60d8c9b7]" name="Con_001" class="testCaseRepo.TC_004"/>
      </group> <!-- Smoke -->
    </groups>
    <test started-at="2025-03-26T10:21:09 IST" name="Surefire test" finished-at="2025-03-26T10:21:43 IST" duration-ms="33909">
      <class name="testCaseRepo.TC_004">
        <test-method is-config="true" signature="dbConnection()[pri:0, instance:testCaseRepo.TC_004@60d8c9b7]" started-at="2025-03-26T10:21:09 IST" name="dbConnection" finished-at="2025-03-26T10:21:09 IST" duration-ms="16" status="PASS">
          <reporter-output>
          </reporter-output>
        </test-method> <!-- dbConnection -->
        <test-method is-config="true" signature="launchBrowser(java.lang.String)[pri:0, instance:testCaseRepo.TC_004@60d8c9b7]" started-at="2025-03-26T10:21:09 IST" name="launchBrowser" finished-at="2025-03-26T10:21:16 IST" duration-ms="6514" status="PASS">
          <params>
            <param index="0">
              <value>
                <![CDATA[chrome]]>
              </value>
            </param>
          </params>
          <reporter-output>
          </reporter-output>
        </test-method> <!-- launchBrowser -->
        <test-method is-config="true" signature="loginOperation()[pri:0, instance:testCaseRepo.TC_004@60d8c9b7]" started-at="2025-03-26T10:21:16 IST" name="loginOperation" finished-at="2025-03-26T10:21:21 IST" duration-ms="4899" status="PASS">
          <reporter-output>
          </reporter-output>
        </test-method> <!-- loginOperation -->
        <test-method signature="Con_001()[pri:0, instance:testCaseRepo.TC_004@60d8c9b7]" started-at="2025-03-26T10:21:21 IST" name="Con_001" finished-at="2025-03-26T10:21:40 IST" duration-ms="19212" status="PASS">
          <reporter-output>
          </reporter-output>
        </test-method> <!-- Con_001 -->
        <test-method is-config="true" signature="logoutOperation()[pri:0, instance:testCaseRepo.TC_004@60d8c9b7]" started-at="2025-03-26T10:21:40 IST" name="logoutOperation" finished-at="2025-03-26T10:21:43 IST" duration-ms="2895" status="PASS">
          <reporter-output>
          </reporter-output>
        </test-method> <!-- logoutOperation -->
        <test-method is-config="true" signature="closeBrowser()[pri:0, instance:testCaseRepo.TC_004@60d8c9b7]" started-at="2025-03-26T10:21:43 IST" name="closeBrowser" finished-at="2025-03-26T10:21:43 IST" duration-ms="333" status="PASS">
          <reporter-output>
          </reporter-output>
        </test-method> <!-- closeBrowser -->
        <test-method is-config="true" signature="closeDBConnection()[pri:0, instance:testCaseRepo.TC_004@60d8c9b7]" started-at="2025-03-26T10:21:43 IST" name="closeDBConnection" finished-at="2025-03-26T10:21:43 IST" duration-ms="0" status="PASS">
          <reporter-output>
          </reporter-output>
        </test-method> <!-- closeDBConnection -->
      </class> <!-- testCaseRepo.TC_004 -->
    </test> <!-- Surefire test -->
  </suite> <!-- Surefire suite -->
</testng-results>
