<?xml version="1.0" encoding="UTF-8"?>
<testng-results ignored="0" total="2" passed="2" failed="0" skipped="0">
  <reporter-output>
  </reporter-output>
  <suite started-at="2025-03-24T09:17:40 IST" name="Default suite" finished-at="2025-03-24T09:17:59 IST" duration-ms="19094">
    <groups>
    </groups>
    <test started-at="2025-03-24T09:17:40 IST" name="Default test" finished-at="2025-03-24T09:17:59 IST" duration-ms="19094">
      <class name="sampleFile.DataProviderPractice">
        <test-method signature="practice(java.lang.String,java.lang.String)[pri:0, instance:sampleFile.DataProviderPractice@1e6a3214]" started-at="2025-03-24T09:17:40 IST" name="practice" data-provider="getData" finished-at="2025-03-24T09:17:48 IST" duration-ms="8763" status="PASS">
          <params>
            <param index="0">
              <value>
                <![CDATA[admin]]>
              </value>
            </param>
            <param index="1">
              <value>
                <![CDATA[admin]]>
              </value>
            </param>
          </params>
          <reporter-output>
          </reporter-output>
        </test-method> <!-- practice -->
        <test-method signature="practice(java.lang.String,java.lang.String)[pri:0, instance:sampleFile.DataProviderPractice@1e6a3214]" started-at="2025-03-24T09:17:48 IST" name="practice" data-provider="getData" finished-at="2025-03-24T09:17:59 IST" duration-ms="10251" status="PASS">
          <params>
            <param index="0">
              <value>
                <![CDATA[admin123456]]>
              </value>
            </param>
            <param index="1">
              <value>
                <![CDATA[admin123]]>
              </value>
            </param>
          </params>
          <reporter-output>
          </reporter-output>
        </test-method> <!-- practice -->
      </class> <!-- sampleFile.DataProviderPractice -->
    </test> <!-- Default test -->
  </suite> <!-- Default suite -->
</testng-results>
